This is pdfTeX, Version 3.141592653-2.6-1.40.25 (MiKTeX 24.1) (preloaded format=pdflatex 2024.8.31)  13 MAR 2025 01:04
entering extended mode
 restricted \write18 enabled.
 file:line:error style messages enabled.
 %&-line parsing enabled.
**"c:/Users/Lord/Desktop/CV - lettre/Table of Contents (FR)/Table of Contents (FR).tex"
(c:/Users/Lord/Desktop/CV - lettre/Table of Contents (FR)/Table of Contents (FR).tex
LaTeX2e <2023-11-01> patch level 1
L3 programming layer <2024-01-04>
(C:\Users\Lord\AppData\Local\Programs\MiKTeX\tex/latex/base\article.cls
Document Class: article 2023/05/17 v1.4n Standard LaTeX document class
(C:\Users\Lord\AppData\Local\Programs\MiKTeX\tex/latex/base\size10.clo
File: size10.clo 2023/05/17 v1.4n Standard LaTeX file (size option)
)
\c@part=\count187
\c@section=\count188
\c@subsection=\count189
\c@subsubsection=\count190
\c@paragraph=\count191
\c@subparagraph=\count192
\c@figure=\count193
\c@table=\count194
\abovecaptionskip=\skip48
\belowcaptionskip=\skip49
\bibindent=\dimen140
) (C:\Users\Lord\AppData\Local\Programs\MiKTeX\tex/latex/lipsum\lipsum.sty (C:\Users\Lord\AppData\Local\Programs\MiKTeX\tex/latex/l3packages/l3keys2e\l3keys2e.sty (C:\Users\Lord\AppData\Local\Programs\MiKTeX\tex/latex/l3kernel\expl3.sty
Package: expl3 2024-01-04 L3 programming layer (loader) 
 (C:\Users\Lord\AppData\Local\Programs\MiKTeX\tex/latex/l3backend\l3backend-pdftex.def
File: l3backend-pdftex.def 2024-01-04 L3 backend support: PDF output (pdfTeX)
\l__color_backend_stack_int=\count195
\l__pdf_internal_box=\box51
))
Package: l3keys2e 2023-10-10 LaTeX2e option processing using LaTeX3 keys
)
Package: lipsum 2021-09-20 v2.7 150 paragraphs of Lorem Ipsum dummy text
\g__lipsum_par_int=\count196
\l__lipsum_a_int=\count197
\l__lipsum_b_int=\count198
 (C:\Users\Lord\AppData\Local\Programs\MiKTeX\tex/latex/lipsum\lipsum.ltd.tex)) (C:\Users\Lord\AppData\Local\Programs\MiKTeX\tex/latex/hyperref\hyperref.sty
Package: hyperref 2023-11-26 v7.01g Hypertext links for LaTeX
 (C:\Users\Lord\AppData\Local\Programs\MiKTeX\tex/generic/iftex\iftex.sty
Package: iftex 2022/02/03 v1.0f TeX engine tests
) (C:\Users\Lord\AppData\Local\Programs\MiKTeX\tex/generic/infwarerr\infwarerr.sty
Package: infwarerr 2019/12/03 v1.5 Providing info/warning/error messages (HO)
) (C:\Users\Lord\AppData\Local\Programs\MiKTeX\tex/latex/graphics\keyval.sty
Package: keyval 2022/05/29 v1.15 key=value parser (DPC)
\KV@toks@=\toks17
) (C:\Users\Lord\AppData\Local\Programs\MiKTeX\tex/latex/kvsetkeys\kvsetkeys.sty
Package: kvsetkeys 2022-10-05 v1.19 Key value parser (HO)
) (C:\Users\Lord\AppData\Local\Programs\MiKTeX\tex/generic/kvdefinekeys\kvdefinekeys.sty
Package: kvdefinekeys 2019-12-19 v1.6 Define keys (HO)
) (C:\Users\Lord\AppData\Local\Programs\MiKTeX\tex/generic/pdfescape\pdfescape.sty
Package: pdfescape 2019/12/09 v1.15 Implements pdfTeX's escape features (HO)
 (C:\Users\Lord\AppData\Local\Programs\MiKTeX\tex/generic/ltxcmds\ltxcmds.sty
Package: ltxcmds 2023-12-04 v1.26 LaTeX kernel commands for general use (HO)
) (C:\Users\Lord\AppData\Local\Programs\MiKTeX\tex/generic/pdftexcmds\pdftexcmds.sty
Package: pdftexcmds 2020-06-27 v0.33 Utility functions of pdfTeX for LuaTeX (HO)
Package pdftexcmds Info: \pdf@primitive is available.
Package pdftexcmds Info: \pdf@ifprimitive is available.
Package pdftexcmds Info: \pdfdraftmode found.
)) (C:\Users\Lord\AppData\Local\Programs\MiKTeX\tex/latex/hycolor\hycolor.sty
Package: hycolor 2020-01-27 v1.10 Color options for hyperref/bookmark (HO)
) (C:\Users\Lord\AppData\Local\Programs\MiKTeX\tex/latex/letltxmacro\letltxmacro.sty
Package: letltxmacro 2019/12/03 v1.6 Let assignment for LaTeX macros (HO)
) (C:\Users\Lord\AppData\Local\Programs\MiKTeX\tex/latex/auxhook\auxhook.sty
Package: auxhook 2019-12-17 v1.6 Hooks for auxiliary files (HO)
) (C:\Users\Lord\AppData\Local\Programs\MiKTeX\tex/latex/hyperref\nameref.sty
Package: nameref 2023-11-26 v2.56 Cross-referencing by name of section
 (C:\Users\Lord\AppData\Local\Programs\MiKTeX\tex/latex/refcount\refcount.sty
Package: refcount 2019/12/15 v3.6 Data extraction from label references (HO)
) (C:\Users\Lord\AppData\Local\Programs\MiKTeX\tex/generic/gettitlestring\gettitlestring.sty
Package: gettitlestring 2019/12/15 v1.6 Cleanup title references (HO)
 (C:\Users\Lord\AppData\Local\Programs\MiKTeX\tex/latex/kvoptions\kvoptions.sty
Package: kvoptions 2022-06-15 v3.15 Key value format for package options (HO)
))
\c@section@level=\count199
) (C:\Users\Lord\AppData\Local\Programs\MiKTeX\tex/latex/etoolbox\etoolbox.sty
Package: etoolbox 2020/10/05 v2.5k e-TeX tools for LaTeX (JAW)
\etb@tempcnta=\count266
)
\@linkdim=\dimen141
\Hy@linkcounter=\count267
\Hy@pagecounter=\count268
 (C:\Users\Lord\AppData\Local\Programs\MiKTeX\tex/latex/hyperref\pd1enc.def
File: pd1enc.def 2023-11-26 v7.01g Hyperref: PDFDocEncoding definition (HO)
Now handling font encoding PD1 ...
... no UTF-8 mapping file for font encoding PD1
) (C:\Users\Lord\AppData\Local\Programs\MiKTeX\tex/generic/intcalc\intcalc.sty
Package: intcalc 2019/12/15 v1.3 Expandable calculations with integers (HO)
)
\Hy@SavedSpaceFactor=\count269
 (C:\Users\Lord\AppData\Local\Programs\MiKTeX\tex/latex/hyperref\puenc.def
File: puenc.def 2023-11-26 v7.01g Hyperref: PDF Unicode definition (HO)
Now handling font encoding PU ...
... no UTF-8 mapping file for font encoding PU
)
Package hyperref Info: Hyper figures OFF on input line 4181.
Package hyperref Info: Link nesting OFF on input line 4186.
Package hyperref Info: Hyper index ON on input line 4189.
Package hyperref Info: Plain pages OFF on input line 4196.
Package hyperref Info: Backreferencing OFF on input line 4201.
Package hyperref Info: Implicit mode ON; LaTeX internals redefined.
Package hyperref Info: Bookmarks ON on input line 4448.
\c@Hy@tempcnt=\count270
 (C:\Users\Lord\AppData\Local\Programs\MiKTeX\tex/latex/url\url.sty
\Urlmuskip=\muskip16
Package: url 2013/09/16  ver 3.4  Verb mode for urls, etc.
)
LaTeX Info: Redefining \url on input line 4786.
\XeTeXLinkMargin=\dimen142
 (C:\Users\Lord\AppData\Local\Programs\MiKTeX\tex/generic/bitset\bitset.sty
Package: bitset 2019/12/09 v1.3 Handle bit-vector datatype (HO)
 (C:\Users\Lord\AppData\Local\Programs\MiKTeX\tex/generic/bigintcalc\bigintcalc.sty
Package: bigintcalc 2019/12/15 v1.5 Expandable calculations on big integers (HO)
))
\Fld@menulength=\count271
\Field@Width=\dimen143
\Fld@charsize=\dimen144
Package hyperref Info: Hyper figures OFF on input line 6065.
Package hyperref Info: Link nesting OFF on input line 6070.
Package hyperref Info: Hyper index ON on input line 6073.
Package hyperref Info: backreferencing OFF on input line 6080.
Package hyperref Info: Link coloring OFF on input line 6085.
Package hyperref Info: Link coloring with OCG OFF on input line 6090.
Package hyperref Info: PDF/A mode OFF on input line 6095.
 (C:\Users\Lord\AppData\Local\Programs\MiKTeX\tex/latex/base\atbegshi-ltx.sty
Package: atbegshi-ltx 2021/01/10 v1.0c Emulation of the original atbegshi
package with kernel methods
)
\Hy@abspage=\count272
\c@Item=\count273
\c@Hfootnote=\count274
)
Package hyperref Info: Driver (autodetected): hpdftex.
 (C:\Users\Lord\AppData\Local\Programs\MiKTeX\tex/latex/hyperref\hpdftex.def
File: hpdftex.def 2023-11-26 v7.01g Hyperref driver for pdfTeX
 (C:\Users\Lord\AppData\Local\Programs\MiKTeX\tex/latex/base\atveryend-ltx.sty
Package: atveryend-ltx 2020/08/19 v1.0a Emulation of the original atveryend package
with kernel methods
)
\Fld@listcount=\count275
\c@bookmark@seq@number=\count276
 (C:\Users\Lord\AppData\Local\Programs\MiKTeX\tex/latex/rerunfilecheck\rerunfilecheck.sty
Package: rerunfilecheck 2022-07-10 v1.10 Rerun checks for auxiliary files (HO)
 (C:\Users\Lord\AppData\Local\Programs\MiKTeX\tex/generic/uniquecounter\uniquecounter.sty
Package: uniquecounter 2019/12/15 v1.4 Provide unlimited unique counter (HO)
)
Package uniquecounter Info: New unique counter `rerunfilecheck' on input line 285.
)
\Hy@SectionHShift=\skip50
) (C:\Users\Lord\AppData\Local\Programs\MiKTeX\tex/latex/graphics\graphicx.sty
Package: graphicx 2021/09/16 v1.2d Enhanced LaTeX Graphics (DPC,SPQR)
 (C:\Users\Lord\AppData\Local\Programs\MiKTeX\tex/latex/graphics\graphics.sty
Package: graphics 2022/03/10 v1.4e Standard LaTeX Graphics (DPC,SPQR)
 (C:\Users\Lord\AppData\Local\Programs\MiKTeX\tex/latex/graphics\trig.sty
Package: trig 2021/08/11 v1.11 sin cos tan (DPC)
) (C:\Users\Lord\AppData\Local\Programs\MiKTeX\tex/latex/graphics-cfg\graphics.cfg
File: graphics.cfg 2016/06/04 v1.11 sample graphics configuration
)
Package graphics Info: Driver file: pdftex.def on input line 107.
 (C:\Users\Lord\AppData\Local\Programs\MiKTeX\tex/latex/graphics-def\pdftex.def
File: pdftex.def 2022/09/22 v1.2b Graphics/color driver for pdftex
))
\Gin@req@height=\dimen145
\Gin@req@width=\dimen146
) (Table of Contents (FR).aux)
\openout1 = `"Table of Contents (FR).aux"'.

LaTeX Font Info:    Checking defaults for OML/cmm/m/it on input line 6.
LaTeX Font Info:    ... okay on input line 6.
LaTeX Font Info:    Checking defaults for OMS/cmsy/m/n on input line 6.
LaTeX Font Info:    ... okay on input line 6.
LaTeX Font Info:    Checking defaults for OT1/cmr/m/n on input line 6.
LaTeX Font Info:    ... okay on input line 6.
LaTeX Font Info:    Checking defaults for T1/cmr/m/n on input line 6.
LaTeX Font Info:    ... okay on input line 6.
LaTeX Font Info:    Checking defaults for TS1/cmr/m/n on input line 6.
LaTeX Font Info:    ... okay on input line 6.
LaTeX Font Info:    Checking defaults for OMX/cmex/m/n on input line 6.
LaTeX Font Info:    ... okay on input line 6.
LaTeX Font Info:    Checking defaults for U/cmr/m/n on input line 6.
LaTeX Font Info:    ... okay on input line 6.
LaTeX Font Info:    Checking defaults for PD1/pdf/m/n on input line 6.
LaTeX Font Info:    ... okay on input line 6.
LaTeX Font Info:    Checking defaults for PU/pdf/m/n on input line 6.
LaTeX Font Info:    ... okay on input line 6.
Package hyperref Info: Link coloring OFF on input line 6.
 (Table of Contents (FR).out) (Table of Contents (FR).out)
\@outlinefile=\write3
\openout3 = `"Table of Contents (FR).out"'.

 (C:\Users\Lord\AppData\Local\Programs\MiKTeX\tex/context/base/mkii\supp-pdf.mkii
[Loading MPS to PDF converter (version 2006.09.02).]
\scratchcounter=\count277
\scratchdimen=\dimen147
\scratchbox=\box52
\nofMPsegments=\count278
\nofMParguments=\count279
\everyMPshowfont=\toks18
\MPscratchCnt=\count280
\MPscratchDim=\dimen148
\MPnumerator=\count281
\makeMPintoPDFobject=\count282
\everyMPtoPDFconversion=\toks19
) (C:\Users\Lord\AppData\Local\Programs\MiKTeX\tex/latex/epstopdf-pkg\epstopdf-base.sty
Package: epstopdf-base 2020-01-24 v2.11 Base part for package epstopdf
Package epstopdf-base Info: Redefining graphics rule for `.eps' on input line 485.
 (C:\Users\Lord\AppData\Local\Programs\MiKTeX\tex/latex/00miktex\epstopdf-sys.cfg
File: epstopdf-sys.cfg 2021/03/18 v2.0 Configuration of epstopdf for MiKTeX
))
LaTeX Font Info:    External font `cmex10' loaded for size
(Font)              <12> on input line 13.
LaTeX Font Info:    External font `cmex10' loaded for size
(Font)              <8> on input line 13.
LaTeX Font Info:    External font `cmex10' loaded for size
(Font)              <6> on input line 13.
 (Table of Contents (FR).toc
LaTeX Font Info:    External font `cmex10' loaded for size
(Font)              <7> on input line 3.
LaTeX Font Info:    External font `cmex10' loaded for size
(Font)              <5> on input line 3.
 [1

{C:/Users/Lord/AppData/Local/MiKTeX/fonts/map/pdftex/pdftex.map}])
\tf@toc=\write4
\openout4 = `"Table of Contents (FR).toc"'.

 [2]
Overfull \hbox (4.57462pt too wide) in paragraph at lines 30--31
\OT1/cmr/m/n/10 num^^Seriques de cer-ti-fi-cats, de r^^Secompenses et de let-tres d'appr^^Seciation. L'intention
 []

[3] [4]
Underfull \hbox (badness 10000) in paragraph at lines 64--68

 []

[5]
<../Document/Education/Renewable Energy Engineering/21-02-2018 diplôme - Génie énergétique.jpg, id=203, 588.7596pt x 836.1639pt>
File: ../Document/Education/Renewable Energy Engineering/21-02-2018 diplôme - Génie énergétique.jpg Graphic file (type jpg)
<use ../Document/Education/Renewable Energy Engineering/21-02-2018 diplôme - Génie énergétique.jpg>
Package pdftex.def Info: ../Document/Education/Renewable Energy Engineering/21-02-2018 diplôme - Génie énergétique.jpg  used on input line 71.
(pdftex.def)             Requested size: 345.00243pt x 489.97685pt.
<../Document/Education/Renewable Energy Engineering/21-02-2018 releve de notes - Génie énergétique - P01.jpg, id=205, 588.5187pt x 835.923pt>
File: ../Document/Education/Renewable Energy Engineering/21-02-2018 releve de notes - Génie énergétique - P01.jpg Graphic file (type jpg)
<use ../Document/Education/Renewable Energy Engineering/21-02-2018 releve de notes - Génie énergétique - P01.jpg>
Package pdftex.def Info: ../Document/Education/Renewable Energy Engineering/21-02-2018 releve de notes - Génie énergétique - P01.jpg  used on input line 77.
(pdftex.def)             Requested size: 345.00494pt x 490.03978pt.
 [6 <../Document/Education/Renewable Energy Engineering/21-02-2018 diplôme - Génie énergétique.jpg>]
File: ../Document/Education/Renewable Energy Engineering/21-02-2018 releve de notes - Génie énergétique - P01.jpg Graphic file (type jpg)
<use ../Document/Education/Renewable Energy Engineering/21-02-2018 releve de notes - Génie énergétique - P01.jpg>
Package pdftex.def Info: ../Document/Education/Renewable Energy Engineering/21-02-2018 releve de notes - Génie énergétique - P01.jpg  used on input line 83.
(pdftex.def)             Requested size: 345.00494pt x 490.03978pt.
 [7 <../Document/Education/Renewable Energy Engineering/21-02-2018 releve de notes - Génie énergétique - P01.jpg>] [8]
Overfull \hbox (6.2675pt too wide) in paragraph at lines 93--97
\OT1/cmr/bx/n/10 Informations suppl^^Sementaires: \OT1/cmr/m/n/10 J'ai obtenu un Brevet de Tech-ni-cien Sup^^Serieur
 []


Underfull \hbox (badness 10000) in paragraph at lines 93--97

 []

<../Document/Education/Accounting/31-09-2011 diplôme - Comptabilite.jpg, id=223, 588.5187pt x 840.0183pt>
File: ../Document/Education/Accounting/31-09-2011 diplôme - Comptabilite.jpg Graphic file (type jpg)
<use ../Document/Education/Accounting/31-09-2011 diplôme - Comptabilite.jpg>
Package pdftex.def Info: ../Document/Education/Accounting/31-09-2011 diplôme - Comptabilite.jpg  used on input line 99.
(pdftex.def)             Requested size: 345.00494pt x 492.44055pt.
[9]
<../Document/Education/Accounting/08-05-2017 releve de notes - Comptabilite - P01.jpg, id=229, 589.2414pt x 843.15pt>
File: ../Document/Education/Accounting/08-05-2017 releve de notes - Comptabilite - P01.jpg Graphic file (type jpg)
<use ../Document/Education/Accounting/08-05-2017 releve de notes - Comptabilite - P01.jpg>
Package pdftex.def Info: ../Document/Education/Accounting/08-05-2017 releve de notes - Comptabilite - P01.jpg  used on input line 105.
(pdftex.def)             Requested size: 345.00603pt x 493.67175pt.
 [10 <../Document/Education/Accounting/31-09-2011 diplôme - Comptabilite.jpg>]
<../Document/Education/Accounting/08-05-2017 releve de notes - Comptabilite - P02.jpg, id=235, 588.5187pt x 846.0408pt>
File: ../Document/Education/Accounting/08-05-2017 releve de notes - Comptabilite - P02.jpg Graphic file (type jpg)
<use ../Document/Education/Accounting/08-05-2017 releve de notes - Comptabilite - P02.jpg>
Package pdftex.def Info: ../Document/Education/Accounting/08-05-2017 releve de notes - Comptabilite - P02.jpg  used on input line 111.
(pdftex.def)             Requested size: 345.00494pt x 495.9711pt.
 [11 <../Document/Education/Accounting/08-05-2017 releve de notes - Comptabilite - P01.jpg>] [12 <../Document/Education/Accounting/08-05-2017 releve de notes - Comptabilite - P02.jpg>]
Underfull \hbox (badness 10000) in paragraph at lines 129--135

 []


Underfull \hbox (badness 10000) in paragraph at lines 129--135

 []


Underfull \hbox (badness 10000) in paragraph at lines 129--135

 []

[13]
<../Document/Work Experience/Teaching Assistant/13-12-2017 attestation.jpg, id=250, 588.2778pt x 844.1136pt>
File: ../Document/Work Experience/Teaching Assistant/13-12-2017 attestation.jpg Graphic file (type jpg)
<use ../Document/Work Experience/Teaching Assistant/13-12-2017 attestation.jpg>
Package pdftex.def Info: ../Document/Work Experience/Teaching Assistant/13-12-2017 attestation.jpg  used on input line 139.
(pdftex.def)             Requested size: 345.00734pt x 495.04741pt.

Overfull \hbox (3.3895pt too wide) in paragraph at lines 148--149
\OT1/cmr/m/n/10 comp^^Setitions sci-en-tifiques et la co-or-di-na-tion de pro-jets de groupe qui am^^Selioraient
 []

[14 <../Document/Work Experience/Teaching Assistant/13-12-2017 attestation.jpg>]
Overfull \hbox (37.38945pt too wide) in paragraph at lines 150--156
\OT1/cmr/m/n/10 sci-en-tifiques, cinq cours de for-ma-tion sp^^Secialis^^See en logi-ciels, et un cours d'entrepreneuriat
 []


Overfull \hbox (14.76915pt too wide) in paragraph at lines 150--156
\OT1/cmr/m/n/10 dipl^ome. Ces ac-tivit^^Ses ont non seule-ment fa-voris^^Se un en-vi-ron-nement d'apprentissage
 []


Underfull \hbox (badness 10000) in paragraph at lines 150--156

 []


Underfull \hbox (badness 10000) in paragraph at lines 150--156

 []


Underfull \hbox (badness 10000) in paragraph at lines 150--156

 []

[15]
<../Document/Work Experience/Founder of the Energy Engineering Association/12-12-2017 attestation.jpg, id=260, 589.2414pt x 838.332pt>
File: ../Document/Work Experience/Founder of the Energy Engineering Association/12-12-2017 attestation.jpg Graphic file (type jpg)
<use ../Document/Work Experience/Founder of the Energy Engineering Association/12-12-2017 attestation.jpg>
Package pdftex.def Info: ../Document/Work Experience/Founder of the Energy Engineering Association/12-12-2017 attestation.jpg  used on input line 160.
(pdftex.def)             Requested size: 345.00603pt x 490.85078pt.

Underfull \hbox (badness 10000) in paragraph at lines 169--175

 []


Underfull \hbox (badness 10000) in paragraph at lines 169--175

 []


Underfull \hbox (badness 10000) in paragraph at lines 169--175

 []

[16 <../Document/Work Experience/Founder of the Energy Engineering Association/12-12-2017 attestation.jpg>] [17]
<../Document/Work Experience/Director of the Energy Engineering Association/12-12-2017 attestation 02.jpg, id=270, 588.7596pt x 838.5729pt>
File: ../Document/Work Experience/Director of the Energy Engineering Association/12-12-2017 attestation 02.jpg Graphic file (type jpg)
<use ../Document/Work Experience/Director of the Energy Engineering Association/12-12-2017 attestation 02.jpg>
Package pdftex.def Info: ../Document/Work Experience/Director of the Energy Engineering Association/12-12-2017 attestation 02.jpg  used on input line 179.
(pdftex.def)             Requested size: 345.00243pt x 491.38849pt.
 [18 <../Document/Work Experience/Director of the Energy Engineering Association/12-12-2017 attestation 02.jpg>]
Underfull \hbox (badness 10000) in paragraph at lines 198--204

 []


Underfull \hbox (badness 10000) in paragraph at lines 198--204

 []


Underfull \hbox (badness 10000) in paragraph at lines 198--204

 []

[19]
Underfull \hbox (badness 10000) in paragraph at lines 219--225

 []


Underfull \hbox (badness 10000) in paragraph at lines 219--225

 []


Underfull \hbox (badness 10000) in paragraph at lines 219--225

 []

[20]
<../Document/Projets/Co-author/19-12-2017 lettre de recommandation - Dr. Mahdavian.jpg, id=285, 595.9866pt x 840.5001pt>
File: ../Document/Projets/Co-author/19-12-2017 lettre de recommandation - Dr. Mahdavian.jpg Graphic file (type jpg)
<use ../Document/Projets/Co-author/19-12-2017 lettre de recommandation - Dr. Mahdavian.jpg>
Package pdftex.def Info: ../Document/Projets/Co-author/19-12-2017 lettre de recommandation - Dr. Mahdavian.jpg  used on input line 229.
(pdftex.def)             Requested size: 345.0086pt x 486.55418pt.
 [21 <../Document/Projets/Co-author/19-12-2017 lettre de recommandation - Dr. Mahdavian.jpg>]
Underfull \hbox (badness 10000) in paragraph at lines 240--244

 []


Underfull \hbox (badness 10000) in paragraph at lines 240--244

 []


Underfull \hbox (badness 10000) in paragraph at lines 240--244

 []

[22]
Overfull \hbox (2.02841pt too wide) in paragraph at lines 250--251
\OT1/cmr/m/n/10 D^^Seveloppement d'un al-go-rithme avanc^^Se de g^^Sen^^Seration et r^^Sesolution de labyrinthes
 []


Underfull \hbox (badness 10000) in paragraph at lines 255--259

 []


Underfull \hbox (badness 10000) in paragraph at lines 255--259

 []


Underfull \hbox (badness 10000) in paragraph at lines 255--259

 []

[23]
Underfull \hbox (badness 10000) in paragraph at lines 270--274

 []


Underfull \hbox (badness 10000) in paragraph at lines 270--274

 []


Underfull \hbox (badness 10000) in paragraph at lines 270--274

 []

[24]
Underfull \hbox (badness 10000) in paragraph at lines 288--292

 []


Underfull \hbox (badness 10000) in paragraph at lines 288--292

 []


Underfull \hbox (badness 10000) in paragraph at lines 288--292

 []

[25]
Overfull \hbox (8.05617pt too wide) in paragraph at lines 311--312
\OT1/cmr/m/n/10 tivit^^Se IP, de ser-vices IP, de fon-da-men-taux de la s^^Securit^^Se, ainsi que d'automatisation
 []


Underfull \hbox (badness 10000) in paragraph at lines 313--316

 []


Underfull \hbox (badness 10000) in paragraph at lines 313--316

 []

<../Document/Certificats de Fin de Cours/CCNA 200-301/CCNA 200-301.pdf, id=313, 1606.0pt x 1194.4625pt>
File: ../Document/Certificats de Fin de Cours/CCNA 200-301/CCNA 200-301.pdf Graphic file (type pdf)
<use ../Document/Certificats de Fin de Cours/CCNA 200-301/CCNA 200-301.pdf>
Package pdftex.def Info: ../Document/Certificats de Fin de Cours/CCNA 200-301/CCNA 200-301.pdf  used on input line 318.
(pdftex.def)             Requested size: 344.98921pt x 256.58571pt.
[26 <../Document/Certificats de Fin de Cours/CCNA 200-301/CCNA 200-301.pdf>]
Overfull \hbox (17.19397pt too wide) in paragraph at lines 328--331
\OT1/cmr/m/n/10 Suite ^^Ra ma r^^Seussite ^^Ra la cer-ti-fi-ca-tion CCNA 200-301, j'ai ap-pro-fondi mes comp^^Setences
 []


Underfull \hbox (badness 10000) in paragraph at lines 328--331

 []


Underfull \hbox (badness 10000) in paragraph at lines 328--331

 []

<../Document/Certificats de Fin de Cours/CCNP ENARSI 300-410/CCNP ENARSI 300-410.pdf, id=321, 1606.0pt x 1194.4625pt>
File: ../Document/Certificats de Fin de Cours/CCNP ENARSI 300-410/CCNP ENARSI 300-410.pdf Graphic file (type pdf)
<use ../Document/Certificats de Fin de Cours/CCNP ENARSI 300-410/CCNP ENARSI 300-410.pdf>
Package pdftex.def Info: ../Document/Certificats de Fin de Cours/CCNP ENARSI 300-410/CCNP ENARSI 300-410.pdf  used on input line 333.
(pdftex.def)             Requested size: 344.98921pt x 256.58571pt.
[27 <../Document/Certificats de Fin de Cours/CCNP ENARSI 300-410/CCNP ENARSI 300-410.pdf>]
Underfull \hbox (badness 10000) in paragraph at lines 345--347

 []

<../Document/Certificats de Fin de Cours/Les fondements de lIoT/Les fondements de lIoT.pdf, id=329, 794.97pt x 614.295pt>
File: ../Document/Certificats de Fin de Cours/Les fondements de lIoT/Les fondements de lIoT.pdf Graphic file (type pdf)
<use ../Document/Certificats de Fin de Cours/Les fondements de lIoT/Les fondements de lIoT.pdf>
Package pdftex.def Info: ../Document/Certificats de Fin de Cours/Les fondements de lIoT/Les fondements de lIoT.pdf  used on input line 350.
(pdftex.def)             Requested size: 345.00856pt x 266.59752pt.
[28 <../Document/Certificats de Fin de Cours/Les fondements de lIoT/Les fondements de lIoT.pdf>]
Underfull \hbox (badness 10000) in paragraph at lines 360--362

 []

<../Document/Certificats de Fin de Cours/Devenir administrateur administratrice reseau/Devenir administrateur administratrice reseau.pdf, id=364, 794.97pt x 614.295pt>
File: ../Document/Certificats de Fin de Cours/Devenir administrateur administratrice reseau/Devenir administrateur administratrice reseau.pdf Graphic file (type pdf)
<use ../Document/Certificats de Fin de Cours/Devenir administrateur administratrice reseau/Devenir administrateur administratrice reseau.pdf>
Package pdftex.def Info: ../Document/Certificats de Fin de Cours/Devenir administrateur administratrice reseau/Devenir administrateur administratrice reseau.pdf  used on input line 365.
(pdftex.def)             Requested size: 345.00856pt x 266.59752pt.
[29 <../Document/Certificats de Fin de Cours/Devenir administrateur administratrice reseau/Devenir administrateur administratrice reseau.pdf>]
<../Document/Certificats de Fin de Cours/Devenir administrateur administratrice systeme Linux/Devenir administrateur administratrice systeme Linux.pdf, id=400, 794.97pt x 614.295pt>
File: ../Document/Certificats de Fin de Cours/Devenir administrateur administratrice systeme Linux/Devenir administrateur administratrice systeme Linux.pdf Graphic file (type pdf)
<use ../Document/Certificats de Fin de Cours/Devenir administrateur administratrice systeme Linux/Devenir administrateur administratrice systeme Linux.pdf>
Package pdftex.def Info: ../Document/Certificats de Fin de Cours/Devenir administrateur administratrice systeme Linux/Devenir administrateur administratrice systeme Linux.pdf  used on input line 375.
(pdftex.def)             Requested size: 345.00856pt x 266.59752pt.
 [30 <../Document/Certificats de Fin de Cours/Devenir administrateur administratrice systeme Linux/Devenir administrateur administratrice systeme Linux.pdf>]
Underfull \hbox (badness 10000) in paragraph at lines 385--388

 []


Underfull \hbox (badness 10000) in paragraph at lines 385--388

 []

<../Document/Certificats de Fin de Cours/Wireshark for Beginners Capture Packets/Wireshark for Beginners Capture Packets.pdf, id=436, 794.97pt x 614.295pt>
File: ../Document/Certificats de Fin de Cours/Wireshark for Beginners Capture Packets/Wireshark for Beginners Capture Packets.pdf Graphic file (type pdf)
<use ../Document/Certificats de Fin de Cours/Wireshark for Beginners Capture Packets/Wireshark for Beginners Capture Packets.pdf>
Package pdftex.def Info: ../Document/Certificats de Fin de Cours/Wireshark for Beginners Capture Packets/Wireshark for Beginners Capture Packets.pdf  used on input line 390.
(pdftex.def)             Requested size: 345.00856pt x 266.59752pt.
[31 <../Document/Certificats de Fin de Cours/Wireshark for Beginners Capture Packets/Wireshark for Beginners Capture Packets.pdf>]
<../Document/Certificats de Fin de Cours/Getting Started with Wireshark for Packet Analysis on Linux/Getting Started with Wireshark for Packet Analysis on Linux.pdf, id=492, 794.97pt x 614.295pt>
File: ../Document/Certificats de Fin de Cours/Getting Started with Wireshark for Packet Analysis on Linux/Getting Started with Wireshark for Packet Analysis on Linux.pdf Graphic file (type pdf)
<use ../Document/Certificats de Fin de Cours/Getting Started with Wireshark for Packet Analysis on Linux/Getting Started with Wireshark for Packet Analysis on Linux.pdf>
Package pdftex.def Info: ../Document/Certificats de Fin de Cours/Getting Started with Wireshark for Packet Analysis on Linux/Getting Started with Wireshark for Packet Analysis on Linux.pdf  used on input line 401.
(pdftex.def)             Requested size: 345.00856pt x 266.59752pt.
 [32 <../Document/Certificats de Fin de Cours/Getting Started with Wireshark for Packet Analysis on Linux/Getting Started with Wireshark for Packet Analysis on Linux.pdf>]
Underfull \hbox (badness 10000) in paragraph at lines 414--417

 []


Underfull \hbox (badness 10000) in paragraph at lines 414--417

 []

<../Document/Certificats de Fin de Cours/Google Cloud Fundamentals Core Infrastructure/Google Cloud Fundamentals Core Infrastructure.pdf, id=547, 794.97pt x 614.295pt>
File: ../Document/Certificats de Fin de Cours/Google Cloud Fundamentals Core Infrastructure/Google Cloud Fundamentals Core Infrastructure.pdf Graphic file (type pdf)
<use ../Document/Certificats de Fin de Cours/Google Cloud Fundamentals Core Infrastructure/Google Cloud Fundamentals Core Infrastructure.pdf>
Package pdftex.def Info: ../Document/Certificats de Fin de Cours/Google Cloud Fundamentals Core Infrastructure/Google Cloud Fundamentals Core Infrastructure.pdf  used on input line 418.
(pdftex.def)             Requested size: 345.00856pt x 266.59752pt.
[33 <../Document/Certificats de Fin de Cours/Google Cloud Fundamentals Core Infrastructure/Google Cloud Fundamentals Core Infrastructure.pdf>]
Underfull \hbox (badness 10000) in paragraph at lines 436--439

 []


Underfull \hbox (badness 10000) in paragraph at lines 436--439

 []

<../Document/Certificates of Achievement/MATLAB/09-10-2017 attestation de logiciel de MATLAB.jpg, id=589, 823.1553pt x 577.1964pt>
File: ../Document/Certificates of Achievement/MATLAB/09-10-2017 attestation de logiciel de MATLAB.jpg Graphic file (type jpg)
<use ../Document/Certificates of Achievement/MATLAB/09-10-2017 attestation de logiciel de MATLAB.jpg>
Package pdftex.def Info: ../Document/Certificates of Achievement/MATLAB/09-10-2017 attestation de logiciel de MATLAB.jpg  used on input line 440.
(pdftex.def)             Requested size: 345.00693pt x 241.91881pt.
[34 <../Document/Certificates of Achievement/MATLAB/09-10-2017 attestation de logiciel de MATLAB.jpg>]
Underfull \hbox (badness 10000) in paragraph at lines 449--452

 []


Underfull \hbox (badness 10000) in paragraph at lines 449--452

 []

<../Document/Certificates of Achievement/CCNA 200-301/ccna.jpg, id=595, 741.972pt x 1040.08575pt>
File: ../Document/Certificates of Achievement/CCNA 200-301/ccna.jpg Graphic file (type jpg)
<use ../Document/Certificates of Achievement/CCNA 200-301/ccna.jpg>
Package pdftex.def Info: ../Document/Certificates of Achievement/CCNA 200-301/ccna.jpg  used on input line 453.
(pdftex.def)             Requested size: 344.99077pt x 483.60313pt.
[35] [36 <../Document/Certificates of Achievement/CCNA 200-301/ccna.jpg>]
Overfull \hbox (1.95888pt too wide) in paragraph at lines 470--474
\OT1/cmr/m/n/10 d'^^Seoliennes de 2016, or-ga-nis^^Se par l'Association Sci-en-tifique des G^^Renes de l'[]Energie
 []


Underfull \hbox (badness 10000) in paragraph at lines 470--474

 []

[37]
<../Document/Scientific Competitions/Design and Manufacturing of Wind Turbines/12-04-2017 certificat de participation au concours.jpg, id=610, 588.5187pt x 840.0183pt>
File: ../Document/Scientific Competitions/Design and Manufacturing of Wind Turbines/12-04-2017 certificat de participation au concours.jpg Graphic file (type jpg)
<use ../Document/Scientific Competitions/Design and Manufacturing of Wind Turbines/12-04-2017 certificat de participation au concours.jpg>
Package pdftex.def Info: ../Document/Scientific Competitions/Design and Manufacturing of Wind Turbines/12-04-2017 certificat de participation au concours.jpg  used on input line 479.
(pdftex.def)             Requested size: 345.00494pt x 492.44055pt.
 [38 <../Document/Scientific Competitions/Design and Manufacturing of Wind Turbines/12-04-2017 certificat de participation au concours.jpg>]
Underfull \hbox (badness 10000) in paragraph at lines 495--499

 []

[39]
<../Document/Certificate of Appreciation/Professor Soumchai Wangouizez Conference/17-12-2017 lettre de remerciement.jpg, id=620, 588.7596pt x 844.3545pt>
File: ../Document/Certificate of Appreciation/Professor Soumchai Wangouizez Conference/17-12-2017 lettre de remerciement.jpg Graphic file (type jpg)
<use ../Document/Certificate of Appreciation/Professor Soumchai Wangouizez Conference/17-12-2017 lettre de remerciement.jpg>
Package pdftex.def Info: ../Document/Certificate of Appreciation/Professor Soumchai Wangouizez Conference/17-12-2017 lettre de remerciement.jpg  used on input line 502.
(pdftex.def)             Requested size: 345.00243pt x 494.77641pt.
 [40 <../Document/Certificate of Appreciation/Professor Soumchai Wangouizez Conference/17-12-2017 lettre de remerciement.jpg>]
Underfull \hbox (badness 10000) in paragraph at lines 510--514

 []

[41]
<../Document/Certificate of Appreciation/EES (Engineering Equations Solver) workshop/14-02-2018 certificat d_appréciation.jpg, id=630, 588.2778pt x 843.15pt>
File: ../Document/Certificate of Appreciation/EES (Engineering Equations Solver) workshop/14-02-2018 certificat d_appréciation.jpg Graphic file (type jpg)
<use ../Document/Certificate of Appreciation/EES (Engineering Equations Solver) workshop/14-02-2018 certificat d_appréciation.jpg>
Package pdftex.def Info: ../Document/Certificate of Appreciation/EES (Engineering Equations Solver) workshop/14-02-2018 certificat d_appréciation.jpg  used on input line 519.
(pdftex.def)             Requested size: 345.00734pt x 494.48227pt.
 [42 <../Document/Certificate of Appreciation/EES (Engineering Equations Solver) workshop/14-02-2018 certificat d_appréciation.jpg>]

Package hyperref Warning: Suppressing link with empty target on input line 539.


Underfull \hbox (badness 10000) in paragraph at lines 536--540

 []

[43] (Table of Contents (FR).aux)
 ***********
LaTeX2e <2023-11-01> patch level 1
L3 programming layer <2024-01-04>
 ***********
Package rerunfilecheck Info: File `"Table of Contents (FR)".out' has not changed.
(rerunfilecheck)             Checksum: 87CFEDFD2DFBB853C5E12D9A2CCCC972;7325.
 ) 
Here is how much of TeX's memory you used:
 9081 strings out of 474486
 161559 string characters out of 5744227
 1942542 words of memory out of 5000000
 31196 multiletter control sequences out of 15000+600000
 563304 words of font info for 53 fonts, out of 8000000 for 9000
 1141 hyphenation exceptions out of 8191
 79i,6n,93p,1060b,546s stack positions out of 10000i,1000n,20000p,200000b,200000s
 <C:\Users\Lord\AppData\Local\MiKTeX\fonts/pk/ljfour/jknappen/ec/dpi600\tcrm1000.pk><C:/Users/Lord/AppData/Local/Programs/MiKTeX/fonts/type1/public/amsfonts/cm/cmbx10.pfb><C:/Users/Lord/AppData/Local/Programs/MiKTeX/fonts/type1/public/amsfonts/cm/cmbx12.pfb><C:/Users/Lord/AppData/Local/Programs/MiKTeX/fonts/type1/public/amsfonts/cm/cmr10.pfb><C:/Users/Lord/AppData/Local/Programs/MiKTeX/fonts/type1/public/amsfonts/cm/cmr12.pfb><C:/Users/Lord/AppData/Local/Programs/MiKTeX/fonts/type1/public/amsfonts/cm/cmr17.pfb><C:/Users/Lord/AppData/Local/Programs/MiKTeX/fonts/type1/public/amsfonts/cm/cmr8.pfb><C:/Users/Lord/AppData/Local/Programs/MiKTeX/fonts/type1/public/amsfonts/cm/cmr9.pfb><C:/Users/Lord/AppData/Local/Programs/MiKTeX/fonts/type1/public/amsfonts/cm/cmti10.pfb>
Output written on "Table of Contents (FR).pdf" (43 pages, 8311334 bytes).
PDF statistics:
 703 PDF objects out of 1000 (max. 8388607)
 79 named destinations out of 1000 (max. 500000)
 383 words of extra memory for PDF output out of 10000 (max. 10000000)

